[ 2025-05-25 22:16:20,987 ] 104 root - INFO - Starting training pipeline
[ 2025-05-25 22:16:20,988 ] 36 root - INFO - Start data ingestion
[ 2025-05-25 22:16:24,578 ] 76 root - INFO - Performed train and test split on the dataframe
[ 2025-05-25 22:16:24,579 ] 77 root - INFO - Exited split_data_to_train_test method of DataIngestion class
[ 2025-05-25 22:16:24,579 ] 82 root - INFO - Exporting train and test file path
[ 2025-05-25 22:16:24,623 ] 95 root - INFO - Exported train and test file path
[ 2025-05-25 22:16:24,624 ] 41 root - INFO - Data ingestion completed successfully! DataIngestionArtifact(trained_file_path='Artifacts\\05_25_2025_22_15_58\\data_ingestion\\ingested\\train.csv', test_file_path='Artifacts\\05_25_2025_22_15_58\\data_ingestion\\ingested\\test.csv')
[ 2025-05-25 22:16:24,624 ] 53 root - INFO - Start data validation
[ 2025-05-25 22:16:24,683 ] 55 root - INFO - Required number of columns: 2
[ 2025-05-25 22:16:24,684 ] 56 root - INFO - Dataframe has 31 columns.
[ 2025-05-25 22:16:24,684 ] 55 root - INFO - Required number of columns: 2
[ 2025-05-25 22:16:24,684 ] 56 root - INFO - Dataframe has 31 columns.
[ 2025-05-25 22:16:24,684 ] 72 root - INFO - Schema columns: ['columns', 'numerical_columns']
[ 2025-05-25 22:16:24,684 ] 73 root - INFO - Dataframe columns: Index(['having_IP_Address', 'URL_Length', 'Shortining_Service',
       'having_At_Symbol', 'double_slash_redirecting', 'Prefix_Suffix',
       'having_Sub_Domain', 'SSLfinal_State', 'Domain_registeration_length',
       'Favicon', 'port', 'HTTPS_token', 'Request_URL', 'URL_of_Anchor',
       'Links_in_tags', 'SFH', 'Submitting_to_email', 'Abnormal_URL',
       'Redirect', 'on_mouseover', 'RightClick', 'popUpWidnow', 'Iframe',
       'age_of_domain', 'DNSRecord', 'web_traffic', 'Page_Rank',
       'Google_Index', 'Links_pointing_to_page', 'Statistical_report',
       'Result'],
      dtype='object')
[ 2025-05-25 22:16:24,684 ] 72 root - INFO - Schema columns: ['columns', 'numerical_columns']
[ 2025-05-25 22:16:24,684 ] 73 root - INFO - Dataframe columns: Index(['having_IP_Address', 'URL_Length', 'Shortining_Service',
       'having_At_Symbol', 'double_slash_redirecting', 'Prefix_Suffix',
       'having_Sub_Domain', 'SSLfinal_State', 'Domain_registeration_length',
       'Favicon', 'port', 'HTTPS_token', 'Request_URL', 'URL_of_Anchor',
       'Links_in_tags', 'SFH', 'Submitting_to_email', 'Abnormal_URL',
       'Redirect', 'on_mouseover', 'RightClick', 'popUpWidnow', 'Iframe',
       'age_of_domain', 'DNSRecord', 'web_traffic', 'Page_Rank',
       'Google_Index', 'Links_pointing_to_page', 'Statistical_report',
       'Result'],
      dtype='object')
[ 2025-05-25 22:16:24,967 ] 60 root - INFO - Data validation completed successfully!
[ 2025-05-25 22:16:24,967 ] 72 root - INFO - Start data transformation
[ 2025-05-25 22:16:24,967 ] 59 root - INFO - Initiating data transformation
[ 2025-05-25 22:16:24,967 ] 62 root - INFO - Loading validated train and test data
[ 2025-05-25 22:16:25,037 ] 65 root - INFO - Data loaded successfully
[ 2025-05-25 22:16:25,039 ] 50 root - INFO - Creating data transformation pipeline with KNN imputer
[ 2025-05-25 22:16:25,054 ] 73 root - INFO - Saving object to Artifacts\05_25_2025_22_15_58\data_transformation\transformed_object\preprocessing.pkl
[ 2025-05-25 22:16:25,057 ] 73 root - INFO - Saving object to final_model/preprocessor.pkl
[ 2025-05-25 22:16:25,062 ] 78 root - INFO - Data transformation completed successfully! DataTransformationArtifact(transformed_object_file_path='Artifacts\\05_25_2025_22_15_58\\data_transformation\\transformed_object\\preprocessing.pkl', transformed_train_file_path='Artifacts\\05_25_2025_22_15_58\\data_transformation\\transformed\\train.npy', transformed_test_file_path='Artifacts\\05_25_2025_22_15_58\\data_transformation\\transformed\\test.npy')
[ 2025-05-25 22:16:25,062 ] 90 root - INFO - Start model training
[ 2025-05-25 22:19:53,244 ] 73 root - INFO - Saving object to Artifacts\05_25_2025_22_15_58\model_trainer\trained_model\model.pkl
[ 2025-05-25 22:19:53,285 ] 73 root - INFO - Saving object to final_model/model.pkl
[ 2025-05-25 22:19:53,324 ] 161 root - INFO - Model training completed successfully. Best model: Random Forest with score: 0.8710013502475453
[ 2025-05-25 22:19:53,328 ] 96 root - INFO - Model training completed successfully! ModelTrainerArtifact(trained_model_file_path='Artifacts\\05_25_2025_22_15_58\\model_trainer\\trained_model\\model.pkl', train_metric_artifact=ClassificationMetricArtifact(f1_score=0.991253051261188, precision_score=0.9884381338742394, recall_score=0.9940840473276213), test_metric_artifact=ClassificationMetricArtifact(f1_score=0.9722222222222222, precision_score=0.9683794466403162, recall_score=0.9760956175298805))
[ 2025-05-25 22:19:53,328 ] 111 root - INFO - Training pipeline completed successfully!
