[ 2025-05-25 18:02:25,105 ] 19 root - INFO - Initiate the data ingestion
[ 2025-05-25 18:02:29,887 ] 76 root - INFO - Performed train and test split on the dataframe
[ 2025-05-25 18:02:29,888 ] 77 root - INFO - Exited split_data_to_train_test method of DataIngestion class
[ 2025-05-25 18:02:29,888 ] 82 root - INFO - Exporting train and test file path
[ 2025-05-25 18:02:29,933 ] 95 root - INFO - Exported train and test file path
[ 2025-05-25 18:02:29,934 ] 22 root - INFO - Data ingestion completed successfully
[ 2025-05-25 18:02:29,939 ] 28 root - INFO - Initiate the data validation
[ 2025-05-25 18:02:29,995 ] 55 root - INFO - Required number of columns: 2
[ 2025-05-25 18:02:29,995 ] 56 root - INFO - Dataframe has 31 columns.
[ 2025-05-25 18:02:29,995 ] 55 root - INFO - Required number of columns: 2
[ 2025-05-25 18:02:29,995 ] 56 root - INFO - Dataframe has 31 columns.
[ 2025-05-25 18:02:29,995 ] 72 root - INFO - Schema columns: ['columns', 'numerical_columns']
[ 2025-05-25 18:02:29,995 ] 73 root - INFO - Dataframe columns: Index(['having_IP_Address', 'URL_Length', 'Shortining_Service',
       'having_At_Symbol', 'double_slash_redirecting', 'Prefix_Suffix',
       'having_Sub_Domain', 'SSLfinal_State', 'Domain_registeration_length',
       'Favicon', 'port', 'HTTPS_token', 'Request_URL', 'URL_of_Anchor',
       'Links_in_tags', 'SFH', 'Submitting_to_email', 'Abnormal_URL',
       'Redirect', 'on_mouseover', 'RightClick', 'popUpWidnow', 'Iframe',
       'age_of_domain', 'DNSRecord', 'web_traffic', 'Page_Rank',
       'Google_Index', 'Links_pointing_to_page', 'Statistical_report',
       'Result'],
      dtype='object')
[ 2025-05-25 18:02:29,995 ] 72 root - INFO - Schema columns: ['columns', 'numerical_columns']
[ 2025-05-25 18:02:29,995 ] 73 root - INFO - Dataframe columns: Index(['having_IP_Address', 'URL_Length', 'Shortining_Service',
       'having_At_Symbol', 'double_slash_redirecting', 'Prefix_Suffix',
       'having_Sub_Domain', 'SSLfinal_State', 'Domain_registeration_length',
       'Favicon', 'port', 'HTTPS_token', 'Request_URL', 'URL_of_Anchor',
       'Links_in_tags', 'SFH', 'Submitting_to_email', 'Abnormal_URL',
       'Redirect', 'on_mouseover', 'RightClick', 'popUpWidnow', 'Iframe',
       'age_of_domain', 'DNSRecord', 'web_traffic', 'Page_Rank',
       'Google_Index', 'Links_pointing_to_page', 'Statistical_report',
       'Result'],
      dtype='object')
[ 2025-05-25 18:02:30,220 ] 30 root - INFO - Data validation completed successfully
[ 2025-05-25 18:02:30,221 ] 34 root - INFO - Initiate the data transformation
[ 2025-05-25 18:02:30,221 ] 59 root - INFO - Initiating data transformation
[ 2025-05-25 18:02:30,221 ] 62 root - INFO - Loading validated train and test data
[ 2025-05-25 18:02:30,261 ] 65 root - INFO - Data loaded successfully
[ 2025-05-25 18:02:30,263 ] 50 root - INFO - Creating data transformation pipeline with KNN imputer
[ 2025-05-25 18:02:30,272 ] 71 root - INFO - Saving object to Artifacts\05_25_2025_18_02_24\data_transformation\transformed_object\preprocessing.pkl
[ 2025-05-25 18:02:30,274 ] 42 root - INFO - Data transformation completed successfully
